

















































DATE: 01/13/2020                                         AMOS'S BOATS INC.                                                  PAGE:  1

CUSTOMER                                   BOAT         PURCHASE           ACCESSORY                     PREP                  TOTAL
LAST NAME              STATE               COST         DATE               PACKAGE                       COST                   COST

BOAT TYPE: BASS BOAT                                                                                                                
                                                                                                                                    
Johnson                IA              3,490.54         12/30/18           SKI PACKAGE                 927.89              10,123.33
Big Name Bobbie        IA              1,243.63         09/23/17           ELECTRONICS               9,882.13              17,968.55

          SUBTOTALS FOR IA         BASS BOAT                 NUMBER SOLD:      2                                          $28,091.88
                                                                                                                                    
Joe                    WI             89,124.25         01/23/19           FISHING PACKAGE          98,222.42             230,129.31
Smith                  WI            999,999.99         09/09/19           SKI PACKAGE              99,999.99           1,520,018.78

          SUBTOTALS FOR WI         BASS BOAT                 NUMBER SOLD:      2                                       $1,750,148.09
                                                                                                                                    
          SUBTOTALS FOR            BASS BOAT                 NUMBER SOLD:      4                                       $1,778,239.97

BOAT TYPE: PONTOON                                                                                                                  
                                                                                                                                    
Brown                  IA              9,923.13         11/19/15           ELECTRONICS                 998.71              19,947.00
Halsalfrow             IA            100,000.00         01/01/18           FISHING PACKAGE          20,000.00             154,066.18

          SUBTOTALS FOR IA         PONTOON                   NUMBER SOLD:      2                                         $174,013.18
                                                                                                                                    
Rothchild              MI             90,909.09         08/02/17           SKI PACKAGE               2,001.03             126,794.43

          SUBTOTALS FOR MI         PONTOON                   NUMBER SOLD:      1                                         $126,794.43
                                                                                                                                    
Gates                  VI            999,000.99         05/20/05           FISHING PACKAGE          90,909.01           1,420,406.04

          SUBTOTALS FOR VI         PONTOON                   NUMBER SOLD:      1                                       $1,420,406.04
                                                                                                                                    
          SUBTOTALS FOR            PONTOON                   NUMBER SOLD:      4                                       $1,721,213.65

BOAT TYPE: SKI BOAT                                                                                                                 
                                                                                                                                    
Jobs                   CA            112,342.45         09/09/01           SKI PACKAGE              12,340.98             186,993.51
Lotsalettersmen        CA            999,999.99         12/31/99           ELECTRONICS                    .00           1,516,240.21

          SUBTOTALS FOR CA         SKI BOAT                  NUMBER SOLD:      2                                       $1,703,233.72
                                                                                                                                    
Legoman                IA            900,505.03         09/04/19           FISHING PACKAGE             230.23           1,360,823.07






DATE: 01/13/2020                                         AMOS'S BOATS INC.                                                  PAGE:  2

CUSTOMER                                   BOAT         PURCHASE           ACCESSORY                     PREP                  TOTAL
LAST NAME              STATE               COST         DATE               PACKAGE                       COST                   COST

BOAT TYPE: SKI BOAT                                                                                                                 
                                                                                                                                    

          SUBTOTALS FOR IA         SKI BOAT                  NUMBER SOLD:      1                                       $1,360,823.07
                                                                                                                                    
          SUBTOTALS FOR            SKI BOAT                  NUMBER SOLD:      3                                       $3,064,056.79

BOAT TYPE: JOHN BOAT                                                                                                                
                                                                                                                                    
Snipes                 IA            900,129.00         12/13/18           ELECTRONICS               9,021.33           1,284,304.69
Hoffman                IA            809,239.23         10/31/19           FISHING PACKAGE           9,201.33           1,150,985.06

          SUBTOTALS FOR IA         JOHN BOAT                 NUMBER SOLD:      2                                       $2,435,289.75
                                                                                                                                    
Westendorf             MO            909,012.30         10/30/19           SKI PACKAGE               1,431.24           1,287,261.46
Talahasy               MO            982,342.34         11/11/17           FISHING PACKAGE          99,910.03           1,491,177.04

          SUBTOTALS FOR MO         JOHN BOAT                 NUMBER SOLD:      2                                       $2,778,438.50
                                                                                                                                    
          SUBTOTALS FOR            JOHN BOAT                 NUMBER SOLD:      4                                       $5,213,728.25

BOAT TYPE: CANOE                                                                                                                    
                                                                                                                                    
Barnical               IA            901,242.53         07/15/18           ELECTRONICS              29,814.32           1,183,723.90
Boyou                  IA                  1.23         12/13/19           SKI PACKAGE                   3.24               4,223.80

          SUBTOTALS FOR IA         CANOE                     NUMBER SOLD:      2                                       $1,187,947.70
                                                                                                                                    
Mary Jane              CO            900,123.31         04/20/08           ELECTRONICS              12,734.09           1,164,195.20
Biggins                CO             42,348.09         06/27/19           SKI PACKAGE               9,021.34              67,648.19

          SUBTOTALS FOR CO         CANOE                     NUMBER SOLD:      2                                       $1,231,843.39
                                                                                                                                    
          SUBTOTALS FOR            CANOE                     NUMBER SOLD:      4                                       $2,419,791.09

BOAT TYPE: CABIN CRUISER                                                                                                            
                                                                                                                                    
Captain Jack           FL                   .00         05/28/20           FISHING PACKAGE                .00                 366.18

          SUBTOTALS FOR FL         CABIN CRUISER             NUMBER SOLD:      1                                             $366.18





DATE: 01/13/2020                                         AMOS'S BOATS INC.                                                  PAGE:  3

CUSTOMER                                   BOAT         PURCHASE           ACCESSORY                     PREP                  TOTAL
LAST NAME              STATE               COST         DATE               PACKAGE                       COST                   COST

BOAT TYPE: CABIN CRUISER                                                                                                            
                                                                                                                                    
                                                                                                                                    
Moriarti               ME            909,109.21         03/28/20           ELECTRONICS              21,498.82           1,281,281.46
Homes                  ME             98,912.32         12/05/12           SKI PACKAGE               9,214.23             150,287.07
Jackson                ME            999,213.42         09/09/15           ELECTRONICS               2,934.23           1,385,766.60

          SUBTOTALS FOR ME         CABIN CRUISER             NUMBER SOLD:      3                                       $2,817,335.13
                                                                                                                                    
          SUBTOTALS FOR            CABIN CRUISER             NUMBER SOLD:      4                                       $2,817,701.31
                                                                                                                                    

                       GRAND TOTALS                          NUMBER SOLD:     23                                      $17,014,731.06