

















































DATE: 12/28/2019                                         AMOS'S BOATS INC.                                                  PAGE:  1

CUSTOMER                                   BOAT         PURCHASE           ACCESSORY                     PREP                  TOTAL
LAST NAME              STATE               COST         DATE               PACKAGE                       COST                   COST

BOAT TYPE: BASS BOAT                                                                                                                
                                                                                                                                    
Johnson                IA              3,490.54         12/30/18           SKI PACKAGE                 927.89               4,418.43
Big Name Bobbie        IA              1,243.63         09/23/17           ELECTRONICS               9,882.13              11,125.76
Joe                    WI             89,124.25         01/23/19           FISHING PACKAGE          98,222.42             187,346.67
Smith                  WI            999,999.99         09/09/19           SKI PACKAGE              99,999.99           1,099,999.98

                       SUBTOTALS FOR BASS BOAT               NUMBER SOLD:      4                                       $1,302,890.84

BOAT TYPE: PONTOON                                                                                                                  
                                                                                                                                    
Brown                  IA              9,923.13         11/19/15           ELECTRONICS                 998.71              10,921.84
Halsalfrow             IA            100,000.00         01/01/18           FISHING PACKAGE          20,000.00             120,000.00
Rothchild              MI             90,909.09         08/02/17           SKI PACKAGE               2,001.03              92,910.12
Gates                  VI            999,000.99         05/20/05           FISHING PACKAGE          90,909.01           1,089,910.00

                       SUBTOTALS FOR PONTOON                 NUMBER SOLD:      4                                       $1,313,741.96

BOAT TYPE: SKI BOAT                                                                                                                 
                                                                                                                                    
Jobs                   CA            112,342.45         09/09/01           SKI PACKAGE              12,340.98             124,683.43
Lotsalettersmen        CA            999,999.99         12/31/99           ELECTRONICS                    .00             999,999.99
Legoman                IA            900,505.03         09/04/19           FISHING PACKAGE             230.23             900,735.26

                       SUBTOTALS FOR SKI BOAT                NUMBER SOLD:      3                                       $2,025,418.68

BOAT TYPE: JOHN BOAT                                                                                                                
                                                                                                                                    
Snipes                 IA            900,129.00         12/13/18           ELECTRONICS               9,021.33             909,150.33
Hoffman                IA            809,239.23         10/31/19           FISHING PACKAGE           9,201.33             818,440.56
Westendorf             MO            909,012.30         10/30/19           SKI PACKAGE               1,431.24             910,443.54
Talahasy               MO            982,342.34         11/11/17           FISHING PACKAGE          99,910.03           1,082,252.37

                       SUBTOTALS FOR JOHN BOAT               NUMBER SOLD:      4                                       $3,720,286.80

BOAT TYPE: CANOE                                                                                                                    
                                                                                                                                    
Barnical               IA            901,242.53         07/15/18           ELECTRONICS              29,814.32             931,056.85
Boyou                  IA                  1.23         12/13/19           SKI PACKAGE                   3.24                   4.47






DATE: 12/28/2019                                         AMOS'S BOATS INC.                                                  PAGE:  2

CUSTOMER                                   BOAT         PURCHASE           ACCESSORY                     PREP                  TOTAL
LAST NAME              STATE               COST         DATE               PACKAGE                       COST                   COST

BOAT TYPE: CANOE                                                                                                                    
                                                                                                                                    
Mary Jane              CO            900,123.31         04/20/08           ELECTRONICS              12,734.09             912,857.40
Biggins                CO             42,348.09         06/27/19           SKI PACKAGE               9,021.34              51,369.43

                       SUBTOTALS FOR CANOE                   NUMBER SOLD:      4                                       $1,895,288.15

BOAT TYPE: CABIN CRUISER                                                                                                            
                                                                                                                                    
Captain Jack           FL                   .00         05/28/20           FISHING PACKAGE                .00                    .00
Moriarti               ME            909,109.21         03/28/20           ELECTRONICS              21,498.82             930,608.03
Homes                  ME             98,912.32         12/05/12           SKI PACKAGE               9,214.23             108,126.55
Jackson                ME            999,213.42         09/09/15           ELECTRONICS               2,934.23           1,002,147.65

                       SUBTOTALS FOR CABIN CRUISER           NUMBER SOLD:      4                                       $2,040,882.23
                                                                                                                                    

                       GRAND TOTALS                          NUMBER SOLD:     23                                      $12,298,508.66