



























































DATE: 12/09/2019                                      AMOS'S PAINT ESTIMATOR                                                PAGE:  1

ESTIMATE                       WALL       DOOR      TOTAL      GALLONS      PRICE/           PAINT            LABOR            TOTAL
 NUMBER     ESTIMATE DATE     SQ/FT      SQ/FT      SQ/FT       NEEDED      GALLON        ESTIMATE         ESTIMATE         ESTIMATE
  0001       12/31/2019         925       792         133         1.16        5.95      $     6.90       $    81.95      $     88.85
  0002       10/29/2019       9,999       999       9,000        78.26       99.99      $ 7,825.21       $ 5,529.06      $ 13,354.27
  0003       08/12/2019           0         0           0          .00         .00      $      .00       $      .00      $       .00
  0004       05/18/2019       9,090       909       8,181        71.14        9.09      $   646.66       $ 5,026.04      $  5,672.70
  0005       07/21/2019         595       120         475         4.13        8.03      $    33.16       $   291.78      $    324.94
  0006       11/24/2019         981        98         883         7.68       30.91      $   237.38       $   542.59      $    779.97
  0007       11/11/2019         918       230         688         5.98       98.10      $   586.63       $   422.48      $  1,009.11
  0008       08/25/2019       2,104       802       1,302        11.32       14.80      $   167.53       $   799.75      $    967.28
  0009       11/28/2019       1,203       809         394         3.43       38.21      $   131.06       $   242.32      $    373.38
  0010       02/22/2019       2,222       222       2,000        17.39       22.22      $   386.40       $ 1,228.60      $  1,615.00
  0011       03/05/2019       8,989       898       8,091        70.36       98.98      $ 6,964.23       $ 4,970.93      $ 11,935.16
  0012       08/09/2019       1,092       387         705         6.13       89.61      $   549.30       $   433.08      $    982.38
  0013       04/25/2019       9,803       479       9,324        81.08        5.70      $   462.15       $ 5,728.30      $  6,190.45
  0014       09/24/2019         908        23         885         7.70       40.80      $   314.16       $   544.00      $    858.16
  0015       01/01/2019       9,999       999       9,000        78.26         .00      $      .00       $ 5,529.06      $  5,529.06
  0016       03/07/2019       9,999         0       9,999        86.95       99.99      $ 8,694.13       $ 6,143.01      $ 14,837.14
  0017       07/17/2019           0         0           0          .00       99.99      $      .00       $      .00      $       .00
  0018       06/21/2019       9,999         0       9,999        86.95         .00      $      .00       $ 6,143.01      $  6,143.01
  0019       05/15/2019         987         9         978         8.50       80.21      $   681.78       $   600.52      $  1,282.30
  0020       08/10/2019       8,432       104       8,328        72.42       80.92      $ 5,860.22       $ 5,116.47      $ 10,976.69
  0021       12/02/2019         198       243          45          .39        9.82      $     3.82       $    27.55      $     31.37
  0022       11/01/2019       2,423       194       2,229        19.38         .94      $    18.21       $ 1,369.19      $  1,387.40
  0023       20/19/2019       2,019       201       1,818        15.81       92.01      $ 1,454.67       $ 1,116.97      $  2,571.64
  0024       12/12/2019         980       809         171         1.49       28.33      $    42.21       $   105.26      $    147.47
  0025       12/09/2019       2,301       984       1,317        11.45         .99      $    11.33       $   808.94      $    820.27
  0026       08/30/2019       2,134        89       2,045        17.78        9.83      $   174.77       $ 1,256.15      $  1,430.92
  0027       09/18/2019         909       230         679         5.90       84.90      $   500.91       $   416.83      $    917.74
  0028       02/23/2019         980       809         171         1.49       34.89      $    51.98       $   105.26      $    157.24
  0029       10/28/2019         908        92         816         7.10       30.33      $   215.34       $   501.61      $    716.95
  0030       09/09/2019         909        90         819         7.12       21.31      $   151.72       $   503.02      $    654.74


GRAND TOTALS:                     TOTAL ESTIMATES:  30          786.75                  $36,171.86       $55,583.73       $91,755.59