



























































DATE: 01/19/2020                                          PMG MANAGEMENT                                                    PAGE:  1
COBDOA04                                          LAKE OF THE OZARKS - JANUARY                                                      

                                      STAY      NIGHT       CONDO CLEANING  DOCK SLIP                       DEAL          AMOUNT    
CONDOMINIUM      GUEST NAME          NIGHTS       FEE         FEE      FEE        FEE     SUBTOTAL        AMOUNT             DUE    
                                                                                                                                    
HORSESHOE BEND   Billy Bob              1      $99.50      $99.50  $100.00       $.00      $199.50          $.00+        $199.50    
HORSESHOE BEND   Hobo Jones             1     $199.00     $199.00  $100.00       $.00      $299.00        $19.90+        $318.90    
HORSESHOE BEND   Big Name Billy Boedo   2      $99.50     $199.00  $100.00       $.00      $299.00         $9.95+        $308.95    
HORSESHOE BEND   Youth group            1      $99.50      $99.50  $100.00     $21.00      $220.50        $14.93+        $235.43    
HORSESHOE BEND   Steve Wonder           1      $99.50      $99.50  $100.00       $.00      $199.50         $4.98+        $204.48    
HORSESHOE BEND   Adelle                99     $895.50  $88,654.50  $100.00  $9,899.01   $98,653.51    $13,298.18+    $111,951.69****
OSAGE BEACH      David Amos             7     $564.00   $3,948.00  $150.00       $.00    $4,098.00       $169.20-      $3,928.80****
OSAGE BEACH      Forigner              99   $1,692.00 $167,508.00  $150.00       $.00  $167,658.00    $15,058.80+    $182,716.80****
OSAGE BEACH      Journey                1     $188.00     $188.00  $150.00       $.00      $338.00          $.00+        $338.00    
OSAGE BEACH      CCR                    1     $188.00     $188.00  $150.00     $10.00      $348.00        $18.80+        $366.80    
PISTOL POINT     Bo                     1     $450.00     $450.00   $75.00       $.00      $525.00          $.00+        $525.00    
PISTOL POINT     Mr. Big Guy           99      $50.00   $4,950.00   $75.00  $9,899.01   $14,924.01          $.00+     $14,924.01****
PISTOL POINT     La-a                   1      $50.00      $50.00   $75.00     $10.00      $135.00          $.00+        $135.00    
PISTOL POINT     Mama Mia              99     $450.00  $44,550.00   $75.00       $.00   $44,625.00          $.00+     $44,625.00****
REGATTA BAY      Here we go again       5     $124.20     $621.00   $75.00     $20.00      $716.00          $.00+        $716.00    
REGATTA BAY      White Snakes           1     $186.30     $186.30   $75.00       $.00      $261.30          $.00+        $261.30    
REGATTA BAY      Bon Jovi               6      $62.10     $372.60   $75.00       $.00      $447.60        $75.00-        $372.60    
REGATTA BAY      Campers                1      $62.10      $62.10   $75.00       $.00      $137.10          $.00+        $137.10    
SHAWNEE BEND     Boy Scouts             1     $100.00     $100.00  $150.00       $.00      $250.00        $10.00+        $260.00    
SHAWNEE BEND     Toby Kieth             2     $200.00     $400.00  $150.00     $50.00      $600.00          $.00+        $600.00    
SHAWNEE BEND     Mr. Chow               6     $400.00   $2,400.00  $150.00    $207.00    $2,757.00       $240.00+      $2,997.00****
SHAWNEE BEND     Bart                   6     $500.00   $3,000.00  $150.00       $.00    $3,150.00          $.00+      $3,150.00****
SHAWNEE BEND     Who                    1     $100.00     $100.00  $150.00       $.00      $250.00        $10.00+        $260.00    
LEDGES           Horton                 1      $76.35      $76.35     $.00       $.00       $76.35         $5.73+         $82.08    
LEDGES           El Tigre               1      $76.35      $76.35     $.00       $.00       $76.35          $.00+         $76.35    
LEDGES           Mi Huevos              7     $229.05   $1,603.35     $.00       $.00    $1,603.35       $120.25+      $1,723.60****
LEDGES           Bus Load               8     $305.40   $2,443.20     $.00     $48.00    $2,491.20          $.00+      $2,491.20****
HARBOUR TOWNE    T                      1      $50.00      $50.00  $100.00      $4.00      $154.00          $.00+        $154.00    
HARBOUR TOWNE    21 Pilots              3      $50.00     $150.00  $100.00    $299.97      $549.97        $25.00-        $524.97    
HARBOUR TOWNE    Green Day              7      $50.00     $350.00  $100.00       $.00      $450.00        $25.00-        $425.00    
HARBOUR TOWNE    Fall Out Boy           1     $250.00     $250.00  $100.00       $.00      $350.00          $.00+        $350.00    
HARBOUR TOWNE    Panic at the Disco     3     $350.00   $1,050.00  $100.00     $15.00    $1,165.00       $175.00-        $990.00****
HARBOUR TOWNE    Imagine Dragons        7     $100.00     $700.00  $100.00     $14.00      $814.00        $50.00-        $764.00****
COMPASSE POINTE  Cage the Elephant      1     $125.00     $125.00     $.00     $14.00      $139.00          $.00+        $139.00    
COMPASSE POINTE  MCR                    5     $125.00     $625.00     $.00    $270.00      $895.00       $125.00-        $770.00****
COMPASSE POINTE  Red Barron             7     $125.00     $875.00     $.00    $139.65    $1,014.65       $125.00-        $889.65****
COMPASSE POINTE  Snoopie                1     $500.00     $500.00     $.00      $2.00      $502.00          $.00+        $502.00    
COMPASSE POINTE  Charlie Brown          5     $750.00   $3,750.00     $.00     $25.00    $3,775.00       $750.00-      $3,025.00****
COMPASSE POINTE  Frank Galager          7     $250.00   $1,750.00     $.00     $76.93    $1,826.93       $250.00-      $1,576.93****


GRAND TOTALS:                                                                          $356,973.82    $27,042.32+    $384,016.14    

            NUMBER OF RENTALS:  39      FREE NIGHTS:  8.0   FREE CLEANING:  1                                                       
              PET FEES: $26,319.70                   HOT TUB FEES:  $4,578.62                                                       